app/build/intermediates/manifest_merge_blame_file/release/manifest-merger-blame-release-report.txt
1<?xml version="1.0" encoding="utf-8"?>
2<manifest xmlns:android="http://schemas.android.com/apk/res/android"
3    package="com.inventario.app"
4    android:versionCode="1"
5    android:versionName="1.0" >
6
7    <uses-sdk
8        android:minSdkVersion="24"
9        android:targetSdkVersion="34" />
10
11    <uses-permission android:name="android.permission.INTERNET" />
11-->src\main\AndroidManifest.xml:4:5-67
11-->src\main\AndroidManifest.xml:4:22-64
12    <uses-permission android:name="android.permission.CAMERA" />
12-->src\main\AndroidManifest.xml:5:5-65
12-->src\main\AndroidManifest.xml:5:22-62
13    <uses-permission
13-->src\main\AndroidManifest.xml:6:5-7:38
14        android:name="android.permission.WRITE_EXTERNAL_STORAGE"
14-->src\main\AndroidManifest.xml:6:22-78
15        android:maxSdkVersion="28" />
15-->src\main\AndroidManifest.xml:7:9-35
16    <uses-permission
16-->src\main\AndroidManifest.xml:8:5-9:38
17        android:name="android.permission.READ_EXTERNAL_STORAGE"
17-->src\main\AndroidManifest.xml:8:22-77
18        android:maxSdkVersion="32" />
18-->src\main\AndroidManifest.xml:9:9-35
19
20    <uses-feature
20-->src\main\AndroidManifest.xml:11:5-85
21        android:name="android.hardware.camera"
21-->src\main\AndroidManifest.xml:11:19-57
22        android:required="false" />
22-->src\main\AndroidManifest.xml:11:58-82
23
24    <uses-permission android:name="android.permission.ACCESS_NETWORK_STATE" />
24-->[com.google.firebase:firebase-auth:22.2.0] AndroidManifest.xml:26:5-79
24-->[com.google.firebase:firebase-auth:22.2.0] AndroidManifest.xml:26:22-76
25
26    <permission
26-->[androidx.core:core:1.9.0] AndroidManifest.xml:22:5-24:47
27        android:name="com.inventario.app.DYNAMIC_RECEIVER_NOT_EXPORTED_PERMISSION"
27-->[androidx.core:core:1.9.0] AndroidManifest.xml:23:9-81
28        android:protectionLevel="signature" />
28-->[androidx.core:core:1.9.0] AndroidManifest.xml:24:9-44
29
30    <uses-permission android:name="com.inventario.app.DYNAMIC_RECEIVER_NOT_EXPORTED_PERMISSION" />
30-->[androidx.core:core:1.9.0] AndroidManifest.xml:26:5-97
30-->[androidx.core:core:1.9.0] AndroidManifest.xml:26:22-94
31
32    <application
32-->src\main\AndroidManifest.xml:13:5-46:19
33        android:allowBackup="true"
33-->src\main\AndroidManifest.xml:14:9-35
34        android:appComponentFactory="androidx.core.app.CoreComponentFactory"
34-->[androidx.core:core:1.9.0] AndroidManifest.xml:28:18-86
35        android:extractNativeLibs="false"
36        android:icon="@android:drawable/sym_def_app_icon"
36-->src\main\AndroidManifest.xml:15:9-58
37        android:label="@string/app_name"
37-->src\main\AndroidManifest.xml:16:9-41
38        android:theme="@style/Theme.AppCompat.Light.DarkActionBar"
38-->src\main\AndroidManifest.xml:17:9-67
39        android:usesCleartextTraffic="true" >
39-->src\main\AndroidManifest.xml:18:9-44
40        <activity
40-->src\main\AndroidManifest.xml:20:9-27:20
41            android:name="com.inventario.app.MainActivity"
41-->src\main\AndroidManifest.xml:21:13-41
42            android:exported="true" >
42-->src\main\AndroidManifest.xml:22:13-36
43            <intent-filter>
43-->src\main\AndroidManifest.xml:23:13-26:29
44                <action android:name="android.intent.action.MAIN" />
44-->src\main\AndroidManifest.xml:24:17-69
44-->src\main\AndroidManifest.xml:24:25-66
45
46                <category android:name="android.intent.category.LAUNCHER" />
46-->src\main\AndroidManifest.xml:25:17-77
46-->src\main\AndroidManifest.xml:25:27-74
47            </intent-filter>
48        </activity>
49        <activity android:name="com.inventario.app.activities.LoginActivity" />
49-->src\main\AndroidManifest.xml:29:9-62
49-->src\main\AndroidManifest.xml:29:19-59
50        <activity android:name="com.inventario.app.activities.RegisterActivity" />
50-->src\main\AndroidManifest.xml:30:9-65
50-->src\main\AndroidManifest.xml:30:19-62
51        <activity android:name="com.inventario.app.activities.DashboardActivity" />
51-->src\main\AndroidManifest.xml:31:9-66
51-->src\main\AndroidManifest.xml:31:19-63
52        <activity android:name="com.inventario.app.activities.ProductsActivity" />
52-->src\main\AndroidManifest.xml:32:9-65
52-->src\main\AndroidManifest.xml:32:19-62
53        <activity android:name="com.inventario.app.activities.AddProductActivity" />
53-->src\main\AndroidManifest.xml:33:9-67
53-->src\main\AndroidManifest.xml:33:19-64
54        <activity android:name="com.inventario.app.activities.SalesActivity" />
54-->src\main\AndroidManifest.xml:34:9-62
54-->src\main\AndroidManifest.xml:34:19-59
55        <activity android:name="com.inventario.app.activities.NewSaleActivity" />
55-->src\main\AndroidManifest.xml:35:9-64
55-->src\main\AndroidManifest.xml:35:19-61
56        <activity android:name="com.inventario.app.activities.ReportsActivity" />
56-->src\main\AndroidManifest.xml:36:9-64
56-->src\main\AndroidManifest.xml:36:19-61
57        <activity android:name="com.inventario.app.activities.CategoriesActivity" />
57-->src\main\AndroidManifest.xml:37:9-67
57-->src\main\AndroidManifest.xml:37:19-64
58        <activity android:name="com.inventario.app.activities.LogsActivity" />
58-->src\main\AndroidManifest.xml:38:9-61
58-->src\main\AndroidManifest.xml:38:19-58
59        <activity android:name="com.inventario.app.activities.BarcodeScannerActivity" />
59-->src\main\AndroidManifest.xml:39:9-71
59-->src\main\AndroidManifest.xml:39:19-68
60        <activity android:name="com.inventario.app.activities.CreditsActivity" />
60-->src\main\AndroidManifest.xml:40:9-64
60-->src\main\AndroidManifest.xml:40:19-61
61        <activity android:name="com.inventario.app.activities.SaleDetailActivity" />
61-->src\main\AndroidManifest.xml:41:9-67
61-->src\main\AndroidManifest.xml:41:19-64
62        <activity android:name="com.inventario.app.activities.CustomerDetailActivity" />
62-->src\main\AndroidManifest.xml:42:9-71
62-->src\main\AndroidManifest.xml:42:19-68
63        <activity android:name="com.inventario.app.activities.MonthlyCloseActivity" />
63-->src\main\AndroidManifest.xml:43:9-69
63-->src\main\AndroidManifest.xml:43:19-66
64        <activity android:name="com.inventario.app.activities.HistoryActivity" />
64-->src\main\AndroidManifest.xml:44:9-64
64-->src\main\AndroidManifest.xml:44:19-61
65        <activity android:name="com.inventario.app.activities.ArchivedSalesActivity" />
65-->src\main\AndroidManifest.xml:45:9-70
65-->src\main\AndroidManifest.xml:45:19-67
66        <!--
67        Service for holding metadata. Cannot be instantiated.
68        Metadata will be merged from other manifests.
69        -->
70        <service
70-->[androidx.camera:camera-core:1.3.0] AndroidManifest.xml:29:9-33:78
71            android:name="androidx.camera.core.impl.MetadataHolderService"
71-->[androidx.camera:camera-core:1.3.0] AndroidManifest.xml:30:13-75
72            android:enabled="false"
72-->[androidx.camera:camera-core:1.3.0] AndroidManifest.xml:31:13-36
73            android:exported="false" >
73-->[androidx.camera:camera-core:1.3.0] AndroidManifest.xml:32:13-37
74            <meta-data
74-->[androidx.camera:camera-camera2:1.3.0] AndroidManifest.xml:30:13-32:89
75                android:name="androidx.camera.core.impl.MetadataHolderService.DEFAULT_CONFIG_PROVIDER"
75-->[androidx.camera:camera-camera2:1.3.0] AndroidManifest.xml:31:17-103
76                android:value="androidx.camera.camera2.Camera2Config$DefaultProvider" />
76-->[androidx.camera:camera-camera2:1.3.0] AndroidManifest.xml:32:17-86
77        </service>
78
79        <activity
79-->[com.google.firebase:firebase-auth:22.2.0] AndroidManifest.xml:29:9-46:20
80            android:name="com.google.firebase.auth.internal.GenericIdpActivity"
80-->[com.google.firebase:firebase-auth:22.2.0] AndroidManifest.xml:30:13-80
81            android:excludeFromRecents="true"
81-->[com.google.firebase:firebase-auth:22.2.0] AndroidManifest.xml:31:13-46
82            android:exported="true"
82-->[com.google.firebase:firebase-auth:22.2.0] AndroidManifest.xml:32:13-36
83            android:launchMode="singleTask"
83-->[com.google.firebase:firebase-auth:22.2.0] AndroidManifest.xml:33:13-44
84            android:theme="@android:style/Theme.Translucent.NoTitleBar" >
84-->[com.google.firebase:firebase-auth:22.2.0] AndroidManifest.xml:34:13-72
85            <intent-filter>
85-->[com.google.firebase:firebase-auth:22.2.0] AndroidManifest.xml:35:13-45:29
86                <action android:name="android.intent.action.VIEW" />
86-->[com.google.firebase:firebase-auth:22.2.0] AndroidManifest.xml:36:17-69
86-->[com.google.firebase:firebase-auth:22.2.0] AndroidManifest.xml:36:25-66
87
88                <category android:name="android.intent.category.DEFAULT" />
88-->[com.google.firebase:firebase-auth:22.2.0] AndroidManifest.xml:38:17-76
88-->[com.google.firebase:firebase-auth:22.2.0] AndroidManifest.xml:38:27-73
89                <category android:name="android.intent.category.BROWSABLE" />
89-->[com.google.firebase:firebase-auth:22.2.0] AndroidManifest.xml:39:17-78
89-->[com.google.firebase:firebase-auth:22.2.0] AndroidManifest.xml:39:27-75
90
91                <data
91-->[com.google.firebase:firebase-auth:22.2.0] AndroidManifest.xml:41:17-44:51
92                    android:host="firebase.auth"
92-->[com.google.firebase:firebase-auth:22.2.0] AndroidManifest.xml:42:21-49
93                    android:path="/"
93-->[com.google.firebase:firebase-auth:22.2.0] AndroidManifest.xml:43:21-37
94                    android:scheme="genericidp" />
94-->[com.google.firebase:firebase-auth:22.2.0] AndroidManifest.xml:44:21-48
95            </intent-filter>
96        </activity>
97        <activity
97-->[com.google.firebase:firebase-auth:22.2.0] AndroidManifest.xml:47:9-64:20
98            android:name="com.google.firebase.auth.internal.RecaptchaActivity"
98-->[com.google.firebase:firebase-auth:22.2.0] AndroidManifest.xml:48:13-79
99            android:excludeFromRecents="true"
99-->[com.google.firebase:firebase-auth:22.2.0] AndroidManifest.xml:49:13-46
100            android:exported="true"
100-->[com.google.firebase:firebase-auth:22.2.0] AndroidManifest.xml:50:13-36
101            android:launchMode="singleTask"
101-->[com.google.firebase:firebase-auth:22.2.0] AndroidManifest.xml:51:13-44
102            android:theme="@android:style/Theme.Translucent.NoTitleBar" >
102-->[com.google.firebase:firebase-auth:22.2.0] AndroidManifest.xml:52:13-72
103            <intent-filter>
103-->[com.google.firebase:firebase-auth:22.2.0] AndroidManifest.xml:53:13-63:29
104                <action android:name="android.intent.action.VIEW" />
104-->[com.google.firebase:firebase-auth:22.2.0] AndroidManifest.xml:36:17-69
104-->[com.google.firebase:firebase-auth:22.2.0] AndroidManifest.xml:36:25-66
105
106                <category android:name="android.intent.category.DEFAULT" />
106-->[com.google.firebase:firebase-auth:22.2.0] AndroidManifest.xml:38:17-76
106-->[com.google.firebase:firebase-auth:22.2.0] AndroidManifest.xml:38:27-73
107                <category android:name="android.intent.category.BROWSABLE" />
107-->[com.google.firebase:firebase-auth:22.2.0] AndroidManifest.xml:39:17-78
107-->[com.google.firebase:firebase-auth:22.2.0] AndroidManifest.xml:39:27-75
108
109                <data
109-->[com.google.firebase:firebase-auth:22.2.0] AndroidManifest.xml:41:17-44:51
110                    android:host="firebase.auth"
110-->[com.google.firebase:firebase-auth:22.2.0] AndroidManifest.xml:42:21-49
111                    android:path="/"
111-->[com.google.firebase:firebase-auth:22.2.0] AndroidManifest.xml:43:21-37
112                    android:scheme="recaptcha" />
112-->[com.google.firebase:firebase-auth:22.2.0] AndroidManifest.xml:44:21-48
113            </intent-filter>
114        </activity>
115
116        <service
116-->[com.google.firebase:firebase-auth:22.2.0] AndroidManifest.xml:66:9-72:19
117            android:name="com.google.firebase.components.ComponentDiscoveryService"
117-->[com.google.firebase:firebase-auth:22.2.0] AndroidManifest.xml:67:13-84
118            android:directBootAware="true"
118-->[com.google.firebase:firebase-common:20.4.2] AndroidManifest.xml:32:13-43
119            android:exported="false" >
119-->[com.google.firebase:firebase-auth:22.2.0] AndroidManifest.xml:68:13-37
120            <meta-data
120-->[com.google.firebase:firebase-auth:22.2.0] AndroidManifest.xml:69:13-71:85
121                android:name="com.google.firebase.components:com.google.firebase.auth.FirebaseAuthRegistrar"
121-->[com.google.firebase:firebase-auth:22.2.0] AndroidManifest.xml:70:17-109
122                android:value="com.google.firebase.components.ComponentRegistrar" />
122-->[com.google.firebase:firebase-auth:22.2.0] AndroidManifest.xml:71:17-82
123            <meta-data
123-->[com.google.firebase:firebase-database:20.3.0] AndroidManifest.xml:29:13-31:85
124                android:name="com.google.firebase.components:com.google.firebase.database.FirebaseDatabaseKtxRegistrar"
124-->[com.google.firebase:firebase-database:20.3.0] AndroidManifest.xml:30:17-120
125                android:value="com.google.firebase.components.ComponentRegistrar" />
125-->[com.google.firebase:firebase-database:20.3.0] AndroidManifest.xml:31:17-82
126            <meta-data
126-->[com.google.firebase:firebase-database:20.3.0] AndroidManifest.xml:32:13-34:85
127                android:name="com.google.firebase.components:com.google.firebase.database.DatabaseRegistrar"
127-->[com.google.firebase:firebase-database:20.3.0] AndroidManifest.xml:33:17-109
128                android:value="com.google.firebase.components.ComponentRegistrar" />
128-->[com.google.firebase:firebase-database:20.3.0] AndroidManifest.xml:34:17-82
129            <meta-data
129-->[com.google.firebase:firebase-storage:20.3.0] AndroidManifest.xml:30:13-32:85
130                android:name="com.google.firebase.components:com.google.firebase.storage.FirebaseStorageKtxRegistrar"
130-->[com.google.firebase:firebase-storage:20.3.0] AndroidManifest.xml:31:17-118
131                android:value="com.google.firebase.components.ComponentRegistrar" />
131-->[com.google.firebase:firebase-storage:20.3.0] AndroidManifest.xml:32:17-82
132            <meta-data
132-->[com.google.firebase:firebase-storage:20.3.0] AndroidManifest.xml:33:13-35:85
133                android:name="com.google.firebase.components:com.google.firebase.storage.StorageRegistrar"
133-->[com.google.firebase:firebase-storage:20.3.0] AndroidManifest.xml:34:17-107
134                android:value="com.google.firebase.components.ComponentRegistrar" />
134-->[com.google.firebase:firebase-storage:20.3.0] AndroidManifest.xml:35:17-82
135            <meta-data
135-->[com.google.firebase:firebase-appcheck:17.1.1] AndroidManifest.xml:25:13-27:85
136                android:name="com.google.firebase.components:com.google.firebase.appcheck.FirebaseAppCheckKtxRegistrar"
136-->[com.google.firebase:firebase-appcheck:17.1.1] AndroidManifest.xml:26:17-120
137                android:value="com.google.firebase.components.ComponentRegistrar" />
137-->[com.google.firebase:firebase-appcheck:17.1.1] AndroidManifest.xml:27:17-82
138            <meta-data
138-->[com.google.firebase:firebase-appcheck:17.1.1] AndroidManifest.xml:28:13-30:85
139                android:name="com.google.firebase.components:com.google.firebase.appcheck.FirebaseAppCheckRegistrar"
139-->[com.google.firebase:firebase-appcheck:17.1.1] AndroidManifest.xml:29:17-117
140                android:value="com.google.firebase.components.ComponentRegistrar" />
140-->[com.google.firebase:firebase-appcheck:17.1.1] AndroidManifest.xml:30:17-82
141            <meta-data
141-->[com.google.firebase:firebase-common-ktx:20.4.2] AndroidManifest.xml:12:13-14:85
142                android:name="com.google.firebase.components:com.google.firebase.ktx.FirebaseCommonLegacyRegistrar"
142-->[com.google.firebase:firebase-common-ktx:20.4.2] AndroidManifest.xml:13:17-116
143                android:value="com.google.firebase.components.ComponentRegistrar" />
143-->[com.google.firebase:firebase-common-ktx:20.4.2] AndroidManifest.xml:14:17-82
144            <meta-data
144-->[com.google.firebase:firebase-common:20.4.2] AndroidManifest.xml:35:13-37:85
145                android:name="com.google.firebase.components:com.google.firebase.FirebaseCommonKtxRegistrar"
145-->[com.google.firebase:firebase-common:20.4.2] AndroidManifest.xml:36:17-109
146                android:value="com.google.firebase.components.ComponentRegistrar" />
146-->[com.google.firebase:firebase-common:20.4.2] AndroidManifest.xml:37:17-82
147        </service>
148        <service
148-->[com.google.android.gms:play-services-mlkit-barcode-scanning:18.3.0] AndroidManifest.xml:9:9-15:19
149            android:name="com.google.mlkit.common.internal.MlKitComponentDiscoveryService"
149-->[com.google.android.gms:play-services-mlkit-barcode-scanning:18.3.0] AndroidManifest.xml:10:13-91
150            android:directBootAware="true"
150-->[com.google.mlkit:common:18.9.0] AndroidManifest.xml:17:13-43
151            android:exported="false" >
151-->[com.google.android.gms:play-services-mlkit-barcode-scanning:18.3.0] AndroidManifest.xml:11:13-37
152            <meta-data
152-->[com.google.android.gms:play-services-mlkit-barcode-scanning:18.3.0] AndroidManifest.xml:12:13-14:85
153                android:name="com.google.firebase.components:com.google.mlkit.vision.barcode.internal.BarcodeRegistrar"
153-->[com.google.android.gms:play-services-mlkit-barcode-scanning:18.3.0] AndroidManifest.xml:13:17-120
154                android:value="com.google.firebase.components.ComponentRegistrar" />
154-->[com.google.android.gms:play-services-mlkit-barcode-scanning:18.3.0] AndroidManifest.xml:14:17-82
155            <meta-data
155-->[com.google.mlkit:vision-common:17.3.0] AndroidManifest.xml:12:13-14:85
156                android:name="com.google.firebase.components:com.google.mlkit.vision.common.internal.VisionCommonRegistrar"
156-->[com.google.mlkit:vision-common:17.3.0] AndroidManifest.xml:13:17-124
157                android:value="com.google.firebase.components.ComponentRegistrar" />
157-->[com.google.mlkit:vision-common:17.3.0] AndroidManifest.xml:14:17-82
158            <meta-data
158-->[com.google.mlkit:common:18.9.0] AndroidManifest.xml:20:13-22:85
159                android:name="com.google.firebase.components:com.google.mlkit.common.internal.CommonComponentRegistrar"
159-->[com.google.mlkit:common:18.9.0] AndroidManifest.xml:21:17-120
160                android:value="com.google.firebase.components.ComponentRegistrar" />
160-->[com.google.mlkit:common:18.9.0] AndroidManifest.xml:22:17-82
161        </service>
162
163        <provider
163-->[com.google.mlkit:common:18.9.0] AndroidManifest.xml:9:9-13:38
164            android:name="com.google.mlkit.common.internal.MlKitInitProvider"
164-->[com.google.mlkit:common:18.9.0] AndroidManifest.xml:10:13-78
165            android:authorities="com.inventario.app.mlkitinitprovider"
165-->[com.google.mlkit:common:18.9.0] AndroidManifest.xml:11:13-69
166            android:exported="false"
166-->[com.google.mlkit:common:18.9.0] AndroidManifest.xml:12:13-37
167            android:initOrder="99" />
167-->[com.google.mlkit:common:18.9.0] AndroidManifest.xml:13:13-35
168
169        <service
169-->[com.google.android.datatransport:transport-backend-cct:2.3.3] AndroidManifest.xml:29:9-35:19
170            android:name="com.google.android.datatransport.runtime.backends.TransportBackendDiscovery"
170-->[com.google.android.datatransport:transport-backend-cct:2.3.3] AndroidManifest.xml:30:13-103
171            android:exported="false" >
171-->[com.google.android.datatransport:transport-backend-cct:2.3.3] AndroidManifest.xml:31:13-37
172            <meta-data
172-->[com.google.android.datatransport:transport-backend-cct:2.3.3] AndroidManifest.xml:32:13-34:39
173                android:name="backend:com.google.android.datatransport.cct.CctBackendFactory"
173-->[com.google.android.datatransport:transport-backend-cct:2.3.3] AndroidManifest.xml:33:17-94
174                android:value="cct" />
174-->[com.google.android.datatransport:transport-backend-cct:2.3.3] AndroidManifest.xml:34:17-36
175        </service>
176
177        <provider
177-->[com.google.firebase:firebase-common:20.4.2] AndroidManifest.xml:23:9-28:39
178            android:name="com.google.firebase.provider.FirebaseInitProvider"
178-->[com.google.firebase:firebase-common:20.4.2] AndroidManifest.xml:24:13-77
179            android:authorities="com.inventario.app.firebaseinitprovider"
179-->[com.google.firebase:firebase-common:20.4.2] AndroidManifest.xml:25:13-72
180            android:directBootAware="true"
180-->[com.google.firebase:firebase-common:20.4.2] AndroidManifest.xml:26:13-43
181            android:exported="false"
181-->[com.google.firebase:firebase-common:20.4.2] AndroidManifest.xml:27:13-37
182            android:initOrder="100" />
182-->[com.google.firebase:firebase-common:20.4.2] AndroidManifest.xml:28:13-36
183        <provider
183-->[androidx.emoji2:emoji2:1.2.0] AndroidManifest.xml:24:9-32:20
184            android:name="androidx.startup.InitializationProvider"
184-->[androidx.emoji2:emoji2:1.2.0] AndroidManifest.xml:25:13-67
185            android:authorities="com.inventario.app.androidx-startup"
185-->[androidx.emoji2:emoji2:1.2.0] AndroidManifest.xml:26:13-68
186            android:exported="false" >
186-->[androidx.emoji2:emoji2:1.2.0] AndroidManifest.xml:27:13-37
187            <meta-data
187-->[androidx.emoji2:emoji2:1.2.0] AndroidManifest.xml:29:13-31:52
188                android:name="androidx.emoji2.text.EmojiCompatInitializer"
188-->[androidx.emoji2:emoji2:1.2.0] AndroidManifest.xml:30:17-75
189                android:value="androidx.startup" />
189-->[androidx.emoji2:emoji2:1.2.0] AndroidManifest.xml:31:17-49
190            <meta-data
190-->[androidx.lifecycle:lifecycle-process:2.6.1] AndroidManifest.xml:29:13-31:52
191                android:name="androidx.lifecycle.ProcessLifecycleInitializer"
191-->[androidx.lifecycle:lifecycle-process:2.6.1] AndroidManifest.xml:30:17-78
192                android:value="androidx.startup" />
192-->[androidx.lifecycle:lifecycle-process:2.6.1] AndroidManifest.xml:31:17-49
193            <meta-data
193-->[androidx.profileinstaller:profileinstaller:1.3.0] AndroidManifest.xml:29:13-31:52
194                android:name="androidx.profileinstaller.ProfileInstallerInitializer"
194-->[androidx.profileinstaller:profileinstaller:1.3.0] AndroidManifest.xml:30:17-85
195                android:value="androidx.startup" />
195-->[androidx.profileinstaller:profileinstaller:1.3.0] AndroidManifest.xml:31:17-49
196        </provider>
197
198        <activity
198-->[com.google.android.gms:play-services-base:18.1.0] AndroidManifest.xml:20:9-22:45
199            android:name="com.google.android.gms.common.api.GoogleApiActivity"
199-->[com.google.android.gms:play-services-base:18.1.0] AndroidManifest.xml:20:19-85
200            android:exported="false"
200-->[com.google.android.gms:play-services-base:18.1.0] AndroidManifest.xml:22:19-43
201            android:theme="@android:style/Theme.Translucent.NoTitleBar" />
201-->[com.google.android.gms:play-services-base:18.1.0] AndroidManifest.xml:21:19-78
202
203        <meta-data
203-->[com.google.android.gms:play-services-basement:18.1.0] AndroidManifest.xml:21:9-23:69
204            android:name="com.google.android.gms.version"
204-->[com.google.android.gms:play-services-basement:18.1.0] AndroidManifest.xml:22:13-58
205            android:value="@integer/google_play_services_version" />
205-->[com.google.android.gms:play-services-basement:18.1.0] AndroidManifest.xml:23:13-66
206
207        <receiver
207-->[androidx.profileinstaller:profileinstaller:1.3.0] AndroidManifest.xml:34:9-52:20
208            android:name="androidx.profileinstaller.ProfileInstallReceiver"
208-->[androidx.profileinstaller:profileinstaller:1.3.0] AndroidManifest.xml:35:13-76
209            android:directBootAware="false"
209-->[androidx.profileinstaller:profileinstaller:1.3.0] AndroidManifest.xml:36:13-44
210            android:enabled="true"
210-->[androidx.profileinstaller:profileinstaller:1.3.0] AndroidManifest.xml:37:13-35
211            android:exported="true"
211-->[androidx.profileinstaller:profileinstaller:1.3.0] AndroidManifest.xml:38:13-36
212            android:permission="android.permission.DUMP" >
212-->[androidx.profileinstaller:profileinstaller:1.3.0] AndroidManifest.xml:39:13-57
213            <intent-filter>
213-->[androidx.profileinstaller:profileinstaller:1.3.0] AndroidManifest.xml:40:13-42:29
214                <action android:name="androidx.profileinstaller.action.INSTALL_PROFILE" />
214-->[androidx.profileinstaller:profileinstaller:1.3.0] AndroidManifest.xml:41:17-91
214-->[androidx.profileinstaller:profileinstaller:1.3.0] AndroidManifest.xml:41:25-88
215            </intent-filter>
216            <intent-filter>
216-->[androidx.profileinstaller:profileinstaller:1.3.0] AndroidManifest.xml:43:13-45:29
217                <action android:name="androidx.profileinstaller.action.SKIP_FILE" />
217-->[androidx.profileinstaller:profileinstaller:1.3.0] AndroidManifest.xml:44:17-85
217-->[androidx.profileinstaller:profileinstaller:1.3.0] AndroidManifest.xml:44:25-82
218            </intent-filter>
219            <intent-filter>
219-->[androidx.profileinstaller:profileinstaller:1.3.0] AndroidManifest.xml:46:13-48:29
220                <action android:name="androidx.profileinstaller.action.SAVE_PROFILE" />
220-->[androidx.profileinstaller:profileinstaller:1.3.0] AndroidManifest.xml:47:17-88
220-->[androidx.profileinstaller:profileinstaller:1.3.0] AndroidManifest.xml:47:25-85
221            </intent-filter>
222            <intent-filter>
222-->[androidx.profileinstaller:profileinstaller:1.3.0] AndroidManifest.xml:49:13-51:29
223                <action android:name="androidx.profileinstaller.action.BENCHMARK_OPERATION" />
223-->[androidx.profileinstaller:profileinstaller:1.3.0] AndroidManifest.xml:50:17-95
223-->[androidx.profileinstaller:profileinstaller:1.3.0] AndroidManifest.xml:50:25-92
224            </intent-filter>
225        </receiver>
226
227        <service
227-->[com.google.android.datatransport:transport-runtime:2.2.6] AndroidManifest.xml:26:9-30:19
228            android:name="com.google.android.datatransport.runtime.scheduling.jobscheduling.JobInfoSchedulerService"
228-->[com.google.android.datatransport:transport-runtime:2.2.6] AndroidManifest.xml:27:13-117
229            android:exported="false"
229-->[com.google.android.datatransport:transport-runtime:2.2.6] AndroidManifest.xml:28:13-37
230            android:permission="android.permission.BIND_JOB_SERVICE" >
230-->[com.google.android.datatransport:transport-runtime:2.2.6] AndroidManifest.xml:29:13-69
231        </service>
232
233        <receiver
233-->[com.google.android.datatransport:transport-runtime:2.2.6] AndroidManifest.xml:32:9-34:40
234            android:name="com.google.android.datatransport.runtime.scheduling.jobscheduling.AlarmManagerSchedulerBroadcastReceiver"
234-->[com.google.android.datatransport:transport-runtime:2.2.6] AndroidManifest.xml:33:13-132
235            android:exported="false" />
235-->[com.google.android.datatransport:transport-runtime:2.2.6] AndroidManifest.xml:34:13-37
236    </application>
237
238</manifest>